--------------------
./configure
2017年 5月12日 星期五 01时29分30秒 CST

Checking for gcc...
=== ztest27893.c ===
extern int getchar();
int hello() {return getchar();}
===
gcc -c -O3 ztest27893.c
... using gcc

Checking for shared library support...
=== ztest27893.c ===
extern int getchar();
int hello() {return getchar();}
===
gcc -w -c -O3 -fPIC ztest27893.c
gcc -dynamiclib -install_name ${exec_prefix}/lib/libz.1.dylib -compatibility_version 1 -current_version 1.2.7 -O3 -fPIC -o ztest27893.dylib ztest27893.o
Building shared library libz.1.2.7.dylib with gcc.


=== ztest27893.c ===
#include <sys/types.h>
off64_t dummy = 0;
===
gcc -c -O3 -D_LARGEFILE64_SOURCE=1 ztest27893.c
ztest27893.c:2:1: error: unknown type name 'off64_t'; did you mean 'off_t'?
off64_t dummy = 0;
^~~~~~~
off_t
/usr/include/sys/_types/_off_t.h:30:25: note: 'off_t' declared here
typedef __darwin_off_t          off_t;
                                ^
1 error generated.
(exit code 1)
Checking for off64_t... No.

=== ztest27893.c ===
#include <stdio.h>
int main(void) {
  fseeko(NULL, 0, 0);
  return 0;
}
===
gcc -O3 -o ztest27893 ztest27893.c
Checking for fseeko... Yes.

=== ztest27893.c ===
#include <string.h>
#include <errno.h>
int main() { return strlen(strerror(errno)); }
===
gcc -O3 -o ztest27893 ztest27893.c
Checking for strerror... Yes.

=== ztest27893.c ===
#include <unistd.h>
int main() { return 0; }
===
gcc -c -O3 ztest27893.c
Checking for unistd.h... Yes.

=== ztest27893.c ===
#include <stdarg.h>
int main() { return 0; }
===
gcc -c -O3 ztest27893.c
Checking for stdarg.h... Yes.

=== ztest27893.c ===
#include <stdio.h>
#include <stdarg.h>
#include "zconf.h"
int main()
{
#ifndef STDC
  choke me
#endif
  return 0;
}
===
gcc -c -O3 ztest27893.c
Checking whether to use vs[n]printf() or s[n]printf()... using vs[n]printf().

=== ztest27893.c ===
#include <stdio.h>
#include <stdarg.h>
int mytest(const char *fmt, ...)
{
  char buf[20];
  va_list ap;
  va_start(ap, fmt);
  vsnprintf(buf, sizeof(buf), fmt, ap);
  va_end(ap);
  return 0;
}
int main()
{
  return (mytest("Hello%d\n", 1));
}
===
gcc -O3 -o ztest27893 ztest27893.c
Checking for vsnprintf() in stdio.h... Yes.

=== ztest27893.c ===
#include <stdio.h>
#include <stdarg.h>
int mytest(const char *fmt, ...)
{
  int n;
  char buf[20];
  va_list ap;
  va_start(ap, fmt);
  n = vsnprintf(buf, sizeof(buf), fmt, ap);
  va_end(ap);
  return n;
}
int main()
{
  return (mytest("Hello%d\n", 1));
}
===
gcc -c -O3 ztest27893.c
Checking for return value of vsnprintf()... Yes.

=== ztest27893.c ===
#define ZLIB_INTERNAL __attribute__((visibility ("hidden")))
int ZLIB_INTERNAL foo;
int main()
{
  return 0;
}
===
gcc -c -O3 ztest27893.c
Checking for attribute(visibility) support... Yes.

=== ztest27893.c ===
#include <stdio.h>
#define is32(n,t) for(n=1,k=0;n;n<<=1,k++);if(k==32){puts(t);return 0;}
int main() {
    int k;
    unsigned i;
    unsigned long l;
    unsigned short s;
    is32(i, "unsigned")
    is32(l, "unsigned long")
    is32(s, "unsigned short")
    return 1;
}
===
gcc -O3 -DHAVE_HIDDEN ztest27893.c -o ztest27893
Looking for a four-byte integer type... Found.

ALL = static shared
AR = /usr/bin/libtool
ARFLAGS = -o
CC = gcc
CFLAGS = -O3 -DHAVE_HIDDEN
CPP = gcc -E
EXE =
LDCONFIG = ldconfig
LDFLAGS =
LDSHARED = gcc -dynamiclib -install_name ${exec_prefix}/lib/libz.1.dylib -compatibility_version 1 -current_version 1.2.7
LDSHAREDLIBC = -lc
OBJC = $(OBJZ) $(OBJG)
PIC_OBJC = $(PIC_OBJZ) $(PIC_OBJG)
RANLIB = ranlib
SFLAGS = -O3 -fPIC -DHAVE_HIDDEN
SHAREDLIB = libz.dylib
SHAREDLIBM = libz.1.dylib
SHAREDLIBV = libz.1.2.7.dylib
STATICLIB = libz.a
TEST = all teststatic testshared
VER = 1.2.7
Z_U4 = unsigned
exec_prefix = ${prefix}
includedir = ${prefix}/include
libdir = ${exec_prefix}/lib
mandir = ${prefix}/share/man
prefix = /usr/local
sharedlibdir = ${libdir}
uname = Darwin
--------------------


--------------------
./configure
2017年 5月21日 星期日 21时01分15秒 CST

Checking for gcc...
=== ztest72752.c ===
extern int getchar();
int hello() {return getchar();}
===
gcc -c -O3 ztest72752.c
... using gcc

Checking for shared library support...
=== ztest72752.c ===
extern int getchar();
int hello() {return getchar();}
===
gcc -w -c -O3 -fPIC ztest72752.c
gcc -dynamiclib -install_name ${exec_prefix}/lib/libz.1.dylib -compatibility_version 1 -current_version 1.2.7 -O3 -fPIC -o ztest72752.dylib ztest72752.o
Building shared library libz.1.2.7.dylib with gcc.


=== ztest72752.c ===
#include <sys/types.h>
off64_t dummy = 0;
===
gcc -c -O3 -D_LARGEFILE64_SOURCE=1 ztest72752.c
ztest72752.c:2:1: error: unknown type name 'off64_t'; did you mean 'off_t'?
off64_t dummy = 0;
^~~~~~~
off_t
/usr/include/sys/_types/_off_t.h:30:25: note: 'off_t' declared here
typedef __darwin_off_t          off_t;
                                ^
1 error generated.
(exit code 1)
Checking for off64_t... No.

=== ztest72752.c ===
#include <stdio.h>
int main(void) {
  fseeko(NULL, 0, 0);
  return 0;
}
===
gcc -O3 -o ztest72752 ztest72752.c
Checking for fseeko... Yes.

=== ztest72752.c ===
#include <string.h>
#include <errno.h>
int main() { return strlen(strerror(errno)); }
===
gcc -O3 -o ztest72752 ztest72752.c
Checking for strerror... Yes.

=== ztest72752.c ===
#include <unistd.h>
int main() { return 0; }
===
gcc -c -O3 ztest72752.c
Checking for unistd.h... Yes.

=== ztest72752.c ===
#include <stdarg.h>
int main() { return 0; }
===
gcc -c -O3 ztest72752.c
Checking for stdarg.h... Yes.

=== ztest72752.c ===
#include <stdio.h>
#include <stdarg.h>
#include "zconf.h"
int main()
{
#ifndef STDC
  choke me
#endif
  return 0;
}
===
gcc -c -O3 ztest72752.c
Checking whether to use vs[n]printf() or s[n]printf()... using vs[n]printf().

=== ztest72752.c ===
#include <stdio.h>
#include <stdarg.h>
int mytest(const char *fmt, ...)
{
  char buf[20];
  va_list ap;
  va_start(ap, fmt);
  vsnprintf(buf, sizeof(buf), fmt, ap);
  va_end(ap);
  return 0;
}
int main()
{
  return (mytest("Hello%d\n", 1));
}
===
gcc -O3 -o ztest72752 ztest72752.c
Checking for vsnprintf() in stdio.h... Yes.

=== ztest72752.c ===
#include <stdio.h>
#include <stdarg.h>
int mytest(const char *fmt, ...)
{
  int n;
  char buf[20];
  va_list ap;
  va_start(ap, fmt);
  n = vsnprintf(buf, sizeof(buf), fmt, ap);
  va_end(ap);
  return n;
}
int main()
{
  return (mytest("Hello%d\n", 1));
}
===
gcc -c -O3 ztest72752.c
Checking for return value of vsnprintf()... Yes.

=== ztest72752.c ===
#define ZLIB_INTERNAL __attribute__((visibility ("hidden")))
int ZLIB_INTERNAL foo;
int main()
{
  return 0;
}
===
gcc -c -O3 ztest72752.c
Checking for attribute(visibility) support... Yes.

=== ztest72752.c ===
#include <stdio.h>
#define is32(n,t) for(n=1,k=0;n;n<<=1,k++);if(k==32){puts(t);return 0;}
int main() {
    int k;
    unsigned i;
    unsigned long l;
    unsigned short s;
    is32(i, "unsigned")
    is32(l, "unsigned long")
    is32(s, "unsigned short")
    return 1;
}
===
gcc -O3 -DHAVE_HIDDEN ztest72752.c -o ztest72752
Looking for a four-byte integer type... Found.

ALL = static shared
AR = /usr/bin/libtool
ARFLAGS = -o
CC = gcc
CFLAGS = -O3 -DHAVE_HIDDEN
CPP = gcc -E
EXE =
LDCONFIG = ldconfig
LDFLAGS =
LDSHARED = gcc -dynamiclib -install_name ${exec_prefix}/lib/libz.1.dylib -compatibility_version 1 -current_version 1.2.7
LDSHAREDLIBC = -lc
OBJC = $(OBJZ) $(OBJG)
PIC_OBJC = $(PIC_OBJZ) $(PIC_OBJG)
RANLIB = ranlib
SFLAGS = -O3 -fPIC -DHAVE_HIDDEN
SHAREDLIB = libz.dylib
SHAREDLIBM = libz.1.dylib
SHAREDLIBV = libz.1.2.7.dylib
STATICLIB = libz.a
TEST = all teststatic testshared
VER = 1.2.7
Z_U4 = unsigned
exec_prefix = ${prefix}
includedir = ${prefix}/include
libdir = ${exec_prefix}/lib
mandir = ${prefix}/share/man
prefix = /usr/local
sharedlibdir = ${libdir}
uname = Darwin
--------------------


